<?xml version="1.0" encoding="UTF-8" ?>
<testsuite tests="24" failures="0" name="hr.fer.oprpp1.hw02.prob1.Prob1Test" time="0.027" errors="0" skipped="0">
  <properties>
[...]
</properties>
  <testcase classname="hr.fer.oprpp1.hw02.prob1.Prob1Test" name="hr.fer.oprpp1.hw02.prob1.Prob1Test.testRadAfterEOFInExtended" time="0.007"/>
  <testcase classname="hr.fer.oprpp1.hw02.prob1.Prob1Test" name="hr.fer.oprpp1.hw02.prob1.Prob1Test.testGetReturnsLastNextInExtended" time="0"/>
  <testcase classname="hr.fer.oprpp1.hw02.prob1.Prob1Test" name="hr.fer.oprpp1.hw02.prob1.Prob1Test.testWordWithManyEscapesAndNumbers" time="0.004"/>
  <testcase classname="hr.fer.oprpp1.hw02.prob1.Prob1Test" name="hr.fer.oprpp1.hw02.prob1.Prob1Test.testNoActualContent" time="0"/>
  <testcase classname="hr.fer.oprpp1.hw02.prob1.Prob1Test" name="hr.fer.oprpp1.hw02.prob1.Prob1Test.testGetReturnsLastNext" time="0"/>
  <testcase classname="hr.fer.oprpp1.hw02.prob1.Prob1Test" name="hr.fer.oprpp1.hw02.prob1.Prob1Test.testWordWithManyEscapes" time="0.001"/>
  <testcase classname="hr.fer.oprpp1.hw02.prob1.Prob1Test" name="hr.fer.oprpp1.hw02.prob1.Prob1Test.testNotNullInExtended" time="0"/>
  <testcase classname="hr.fer.oprpp1.hw02.prob1.Prob1Test" name="hr.fer.oprpp1.hw02.prob1.Prob1Test.testNoActualContentInExtended" time="0"/>
  <testcase classname="hr.fer.oprpp1.hw02.prob1.Prob1Test" name="hr.fer.oprpp1.hw02.prob1.Prob1Test.testInvalidEscapeEnding" time="0"/>
  <testcase classname="hr.fer.oprpp1.hw02.prob1.Prob1Test" name="hr.fer.oprpp1.hw02.prob1.Prob1Test.testWordStartingWithEscape" time="0"/>
  <testcase classname="hr.fer.oprpp1.hw02.prob1.Prob1Test" name="hr.fer.oprpp1.hw02.prob1.Prob1Test.testSingleEscapedDigit" time="0.001"/>
  <testcase classname="hr.fer.oprpp1.hw02.prob1.Prob1Test" name="hr.fer.oprpp1.hw02.prob1.Prob1Test.testEmptyInExtended" time="0"/>
  <testcase classname="hr.fer.oprpp1.hw02.prob1.Prob1Test" name="hr.fer.oprpp1.hw02.prob1.Prob1Test.testNullInput" time="0"/>
  <testcase classname="hr.fer.oprpp1.hw02.prob1.Prob1Test" name="hr.fer.oprpp1.hw02.prob1.Prob1Test.testEmpty" time="0"/>
  <testcase classname="hr.fer.oprpp1.hw02.prob1.Prob1Test" name="hr.fer.oprpp1.hw02.prob1.Prob1Test.testNotNull" time="0"/>
  <testcase classname="hr.fer.oprpp1.hw02.prob1.Prob1Test" name="hr.fer.oprpp1.hw02.prob1.Prob1Test.testTwoNumbers" time="0.001"/>
  <testcase classname="hr.fer.oprpp1.hw02.prob1.Prob1Test" name="hr.fer.oprpp1.hw02.prob1.Prob1Test.testTooBigNumber" time="0"/>
  <testcase classname="hr.fer.oprpp1.hw02.prob1.Prob1Test" name="hr.fer.oprpp1.hw02.prob1.Prob1Test.testRadAfterEOF" time="0"/>
  <testcase classname="hr.fer.oprpp1.hw02.prob1.Prob1Test" name="hr.fer.oprpp1.hw02.prob1.Prob1Test.testInvalidEscape" time="0"/>
  <testcase classname="hr.fer.oprpp1.hw02.prob1.Prob1Test" name="hr.fer.oprpp1.hw02.prob1.Prob1Test.testTwoWords" time="0.002"/>
  <testcase classname="hr.fer.oprpp1.hw02.prob1.Prob1Test" name="hr.fer.oprpp1.hw02.prob1.Prob1Test.testMultipartInput" time="0.003"/>
  <testcase classname="hr.fer.oprpp1.hw02.prob1.Prob1Test" name="hr.fer.oprpp1.hw02.prob1.Prob1Test.testSomeSymbols" time="0.005"/>
  <testcase classname="hr.fer.oprpp1.hw02.prob1.Prob1Test" name="hr.fer.oprpp1.hw02.prob1.Prob1Test.testCombinedInput" time="0.003"/>
  <testcase classname="hr.fer.oprpp1.hw02.prob1.Prob1Test" name="hr.fer.oprpp1.hw02.prob1.Prob1Test.testNullState" time="0"/>
</testsuite>